V-HACD V2.2
Syntax: testVHACD [options] --input infile.obj --output outfile.obj --log logfile.txt

Options:
       --input                     Wavefront .obj input file name
       --output                    VRML 2.0 output file name
       --log                       Log file name
       --resolution                Maximum number of voxels generated during the voxelization stage (default=100,000, range=10,000-16,000,000)
       --depth                     Maximum number of clipping stages. During each split stage, parts with a concavity higher than the user defined threshold are clipped according the "best" clipping plane (default=20, range=1-32)
       --concavity                 Maximum allowed concavity (default=0.0025, range=0.0-1.0)
       --planeDownsampling         Controls the granularity of the search for the "best" clipping plane (default=4, range=1-16)
       --convexhullDownsampling    Controls the precision of the convex-hull generation process during the clipping plane selection stage (default=4, range=1-16)
       --alpha                     Controls the bias toward clipping along symmetry planes (default=0.05, range=0.0-1.0)
       --beta                      Controls the bias toward clipping along revolution axes (default=0.05, range=0.0-1.0)
       --gamma                     Controls the maximum allowed concavity during the merge stage (default=0.00125, range=0.0-1.0)
       --delta                     Controls the bias toward maximaxing local concavity (default=0.05, range=0.0-1.0)
       --pca                       Enable/disable normalizing the mesh before applying the convex decomposition (default=0, range={0,1})
       --mode                      0: voxel-based approximate convex decomposition, 1: tetrahedron-based approximate convex decomposition (default=0, range={0,1})
       --maxNumVerticesPerCH       Controls the maximum number of triangles per convex-hull (default=64, range=4-1024)
       --minVolumePerCH            Controls the adaptive sampling of the generated convex-hulls (default=0.0001, range=0.0-0.01)
       --convexhullApproximation   Enable/disable approximation when computing convex-hulls (default=1, range={0,1})
       --oclAcceleration           Enable/disable OpenCL acceleration (default=0, range={0,1})
       --oclPlatformID             OpenCL platform id (default=0, range=0-# OCL platforms)
       --oclDeviceID               OpenCL device id (default=0, range=0-# OCL devices)
       --help                      Print usage

Examples:
       testVHACD.exe --input bunny.obj --output bunny_acd.obj --log log.txt

+ OpenCL (OFF)
+ Parameters
	 input                                       /home/jiangshuo/robot/franka_fr3/assets/link7.obj
	 resolution                                  1000000
	 max. depth                                  20
	 max. concavity                              0.0025
	 plane down-sampling                         4
	 convex-hull down-sampling                   4
	 alpha                                       0.05
	 beta                                        0.05
	 gamma                                       0.0005
	 pca                                         0
	 mode                                        0
	 max. vertices per convex-hull               64
	 min. volume to add vertices to convex-hulls 1e-05
	 convex-hull approximation                   1
	 OpenCL acceleration                         1
	 OpenCL platform ID                          0
	 OpenCL device ID                            0
	 output                                      /home/jiangshuo/robot/franka_fr3/assets/link7_vhacd.obj
	 log                                         /home/jiangshuo/robot/franka_fr3/assets/link7_vhacd.log
+ Load mesh
+ Voxelization
	 dim = 64	-> 604567 voxels
	 dim = 76	-> 1012227 voxels
	 time 0.0910557s
+ Compute primitive set
	 # primitives               1012227
	 # inside surface           918828
	 # on surface               93399
	 time 0.0034904s
+ Approximate Convex Decomposition
	 Subdivision level 1
	 -> Part[0] C  = 0.167727, E  = 0.0775624, VS = 93399, VI = 918828
		 [Regular sampling] Number of clipping planes 105

			 Best  0090 T=0.130763 C=0.126510 B=0.004253 S=0.000000 (0.0, 0.0, 1.0, -0.064)

		 [Refining] Number of clipping planes 9

			 Best  0002 T=0.131012 C=0.126430 B=0.004582 S=0.000000 (0.0, 0.0, 1.0, -0.063)

	 Subdivision level 2
	 -> Part[0] C  = 0.00199096, E  = 0.0245437, VS = 29555, VI = 144345
	 -> Part[1] C  = 0.125382, E  = 0.0714828, VS = 86078, VI = 752249
		 [Regular sampling] Number of clipping planes 102

			 Best  0099 T=0.096369 C=0.092288 B=0.004081 S=0.000000 (0.0, 0.0, 1.0, -0.101)

		 [Refining] Number of clipping planes 9

			 Best  0002 T=0.089839 C=0.085821 B=0.004018 S=0.000000 (0.0, 0.0, 1.0, -0.100)

	 Subdivision level 3
	 -> Part[0] C  = 0.0604101, E  = 0.0627133, VS = 75518, VI = 733445
	 -> Part[1] C  = 0.0258996, E  = 0.0120755, VS = 14541, VI = 14823
		 [Regular sampling] Number of clipping planes 47

			 Best  0013 T=0.025873 C=0.025872 B=0.000001 S=0.000000 (1.0, 0.0, 0.0, -0.007)

		 [Refining] Number of clipping planes 9

			 Best  0003 T=0.025871 C=0.025870 B=0.000001 S=0.000000 (1.0, 0.0, 0.0, -0.006)

	 Subdivision level 4
	 -> Part[0] C  = 0.0192607, E  = 0.00676063, VS = 8141, VI = 6085
		 [Regular sampling] Number of clipping planes 38

			 Best  0024 T=0.011485 C=0.011393 B=0.000000 S=0.000092 (0.0, 1.0, 0.0, -0.001)

		 [Refining] Number of clipping planes 9

			 Best  0003 T=0.013603 C=0.013511 B=0.000000 S=0.000092 (0.0, 1.0, 0.0, -0.000)

	 -> Part[1] C  = 0.00661671, E  = 0.00542112, VS = 6528, VI = 8610
		 [Regular sampling] Number of clipping planes 34

			 Best  0019 T=0.003128 C=0.003058 B=0.000000 S=0.000070 (0.0, 1.0, 0.0, 0.001)

		 [Refining] Number of clipping planes 9

			 Best  0007 T=0.004212 C=0.004141 B=0.000000 S=0.000070 (0.0, 1.0, 0.0, -0.001)

	 Subdivision level 5
	 -> Part[0] C  = 0.00738691, E  = 0.00341561, VS = 4113, VI = 3038
		 [Regular sampling] Number of clipping planes 27

			 Best  0015 T=0.005314 C=0.005312 B=0.000001 S=0.000000 (0.0, 1.0, 0.0, 0.025)

		 [Refining] Number of clipping planes 9

			 Best  0004 T=0.005561 C=0.005560 B=0.000001 S=0.000000 (0.0, 1.0, 0.0, 0.025)

	 -> Part[1] C  = 0.00721253, E  = 0.00339485, VS = 4088, VI = 2987
		 [Regular sampling] Number of clipping planes 27

			 Best  0020 T=0.005278 C=0.005277 B=0.000001 S=0.000000 (0.0, 1.0, 0.0, -0.021)

		 [Refining] Number of clipping planes 9

			 Best  0006 T=0.005387 C=0.005386 B=0.000001 S=0.000000 (0.0, 1.0, 0.0, -0.023)

	 -> Part[2] C  = 0.00244135, E  = 0.00287001, VS = 3456, VI = 4308
	 -> Part[3] C  = 0.00215936, E  = 0.00269395, VS = 3244, VI = 4130
	 Subdivision level 6
	 -> Part[0] C  = 0.000438863, E  = 0.000799716, VS = 963, VI = 502
	 -> Part[1] C  = 0.00552091, E  = 0.00271887, VS = 3274, VI = 2412
		 [Regular sampling] Number of clipping planes 25

			 Best  0008 T=0.003538 C=0.003460 B=0.000001 S=0.000077 (1.0, 0.0, 0.0, 0.008)

		 [Refining] Number of clipping planes 9

			 Best  0002 T=0.003495 C=0.003417 B=0.000001 S=0.000077 (1.0, 0.0, 0.0, 0.009)

	 -> Part[2] C  = 0.00503026, E  = 0.00256773, VS = 3092, VI = 2133
		 [Regular sampling] Number of clipping planes 24

			 Best  0008 T=0.003251 C=0.003160 B=0.000001 S=0.000090 (1.0, 0.0, 0.0, 0.008)

		 [Refining] Number of clipping planes 9

			 Best  0004 T=0.003307 C=0.003216 B=0.000001 S=0.000090 (1.0, 0.0, 0.0, 0.008)

	 -> Part[3] C  = 0.000797562, E  = 0.000955008, VS = 1150, VI = 700
	 Subdivision level 7
	 -> Part[0] C  = 0.00307838, E  = 0.00224801, VS = 2707, VI = 2027
		 [Regular sampling] Number of clipping planes 20

			 Best  0004 T=0.001820 C=0.001820 B=0.000000 S=0.000000 (1.0, 0.0, 0.0, 0.020)

		 [Refining] Number of clipping planes 9

			 Best  0000 T=0.001955 C=0.001955 B=0.000000 S=0.000000 (1.0, 0.0, 0.0, 0.022)

	 -> Part[1] C  = 0.000340408, E  = 0.000541448, VS = 652, VI = 300
	 -> Part[2] C  = 0.00299268, E  = 0.00212261, VS = 2556, VI = 1832
		 [Regular sampling] Number of clipping planes 20

			 Best  0003 T=0.001635 C=0.001585 B=0.000000 S=0.000050 (1.0, 0.0, 0.0, 0.022)

		 [Refining] Number of clipping planes 9

			 Best  0003 T=0.001896 C=0.001846 B=0.000000 S=0.000050 (1.0, 0.0, 0.0, 0.023)

	 -> Part[3] C  = 0.000273735, E  = 0.000495774, VS = 597, VI = 240
	 Subdivision level 8
	 -> Part[0] C  = 0.000515548, E  = 0.000829611, VS = 999, VI = 647
	 -> Part[1] C  = 0.00160002, E  = 0.00151888, VS = 1829, VI = 1259
	 -> Part[2] C  = 0.000387927, E  = 0.000759024, VS = 914, VI = 563
	 -> Part[3] C  = 0.00164593, E  = 0.00148566, VS = 1789, VI = 1122
+ Generate 12 convex-hulls 
	 time 2.58411s
+ Merge Convex Hulls
	 time 0.00771467s
+ Simplify 12 convex-hulls 
		 Simplify CH[00000] 133 V, 262 T
		 Simplify CH[00001] 510 V, 1016 T
		 Simplify CH[00002] 50 V, 96 T
		 Simplify CH[00003] 50 V, 96 T
		 Simplify CH[00004] 35 V, 66 T
		 Simplify CH[00005] 33 V, 62 T
		 Simplify CH[00006] 15 V, 26 T
		 Simplify CH[00007] 17 V, 30 T
		 Simplify CH[00008] 37 V, 70 T
		 Simplify CH[00009] 24 V, 44 T
		 Simplify CH[00010] 35 V, 66 T
		 Simplify CH[00011] 20 V, 36 T
	 time 0.00629654s
+ Generate output: 12 convex-hulls 
	 CH[00000] 64 V, 124 T
	 CH[00001] 64 V, 124 T
	 CH[00002] 35 V, 66 T
	 CH[00003] 35 V, 66 T
	 CH[00004] 25 V, 46 T
	 CH[00005] 23 V, 42 T
	 CH[00006] 13 V, 22 T
	 CH[00007] 16 V, 28 T
	 CH[00008] 27 V, 50 T
	 CH[00009] 21 V, 38 T
	 CH[00010] 25 V, 46 T
	 CH[00011] 19 V, 34 T
