已固定随机种子: 42
============================================================
初始化异构双臂仿真环境 (带 RRT 避障模块)
============================================================

========================================================================
正在构建双臂 TOPP-RA 时间最优轨迹...
========================================================================

[RRT Planner] 开始进行高维空间防碰撞探路...
[RRT 成功] 直线路径安全，无需复杂规划。

[RRT Planner] 开始进行高维空间防碰撞探路...
[RRT 成功] 直线路径安全，无需复杂规划。

[RRT Planner] 开始进行高维空间防碰撞探路...
[RRT 成功] 直线路径安全，无需复杂规划。

[RRT Planner] 开始进行高维空间防碰撞探路...
[RRT 成功] 直线路径安全，无需复杂规划。

[RRT Planner] 开始进行高维空间防碰撞探路...
[RRT 成功] 直线路径安全，无需复杂规划。

[RRT Planner] 开始进行高维空间防碰撞探路...
[RRT 成功] 直线路径安全，无需复杂规划。

[RRT Planner] 开始进行高维空间防碰撞探路...
[RRT 成功] 直线路径安全，无需复杂规划。
⚠️ [UR5E] target_right_2 姿态不可行，已跳过该任务的 TOPP-RA 轨迹构建。

[RRT Planner] 开始进行高维空间防碰撞探路...
[RRT 成功] 直线路径安全，无需复杂规划。

[RRT Planner] 开始进行高维空间防碰撞探路...
[RRT 成功] 直线路径安全，无需复杂规划。

[RRT Planner] 开始进行高维空间防碰撞探路...
[RRT 成功] 直线路径安全，无需复杂规划。

[RRT Planner] 开始进行高维空间防碰撞探路...
[RRT 成功] 直线路径安全，无需复杂规划。

[RRT Planner] 开始进行高维空间防碰撞探路...
[RRT 成功] 直线路径安全，无需复杂规划。

[RRT Planner] 开始进行高维空间防碰撞探路...
[RRT 成功] 直线路径安全，无需复杂规划。

[RRT Planner] 开始进行高维空间防碰撞探路...
[RRT 成功] 直线路径安全，无需复杂规划。

[RRT Planner] 开始进行高维空间防碰撞探路...
[RRT 成功] 直线路径安全，无需复杂规划。

[RRT Planner] 开始进行高维空间防碰撞探路...
[RRT 成功] 直线路径安全，无需复杂规划。
UR5e 轨迹点数: 11307
FR3  轨迹点数: 11548
统一调度采样周期: 0.0020 s
UR5e 运动时间: 21.473 s, 保持时间: 1.120 s
FR3  运动时间: 21.949 s, 保持时间: 1.120 s

------------------------------------------------------------------------
[UR5E] 目标点执行摘要
------------------------------------------------------------------------
到达数量: 7
到达目标: ['target_left_1', 'target_front_2', 'target_front_1', 'target_top_3', 'target_top_4', 'target_front_3', 'target_front_4']
未到达数量: 1
- target_right_2: IK不可行 (ik_infeasible)

------------------------------------------------------------------------
[FR3] 目标点执行摘要
------------------------------------------------------------------------
到达数量: 7
到达目标: ['target_top_2', 'target_top_1', 'target_right_1', 'target_back_1', 'target_back_3', 'target_back_4', 'target_left_2']
未到达数量: 0
已自动为低优先级机械臂 FR3 增加起始延迟: 91 tick (0.182 s)
同步化软目标已启用: λ=0.300, objective=11761.000, finish_gap_ticks=350

========================================================================
开始执行 TOPP-RA 并行时间调度，优先级: UR5E
并行驱动说明：每个物理步都同时调用 env.step(ur5e_cmd, fr3_cmd)。
========================================================================
[调度进度] tick=200, ur5e_idx=200/11306, fr3_idx=200/11638, waits={'ur5e': 0, 'fr3': 0}
[调度进度] tick=400, ur5e_idx=400/11306, fr3_idx=400/11638, waits={'ur5e': 0, 'fr3': 0}
[调度进度] tick=600, ur5e_idx=600/11306, fr3_idx=582/11638, waits={'ur5e': 0, 'fr3': 18}
[调度进度] tick=800, ur5e_idx=800/11306, fr3_idx=782/11638, waits={'ur5e': 0, 'fr3': 18}
[调度进度] tick=1000, ur5e_idx=1000/11306, fr3_idx=982/11638, waits={'ur5e': 0, 'fr3': 18}
[调度进度] tick=1200, ur5e_idx=1200/11306, fr3_idx=1182/11638, waits={'ur5e': 0, 'fr3': 18}
[调度进度] tick=1400, ur5e_idx=1400/11306, fr3_idx=1382/11638, waits={'ur5e': 0, 'fr3': 18}
[调度进度] tick=1600, ur5e_idx=1600/11306, fr3_idx=1582/11638, waits={'ur5e': 0, 'fr3': 18}
[调度进度] tick=1800, ur5e_idx=1800/11306, fr3_idx=1782/11638, waits={'ur5e': 0, 'fr3': 18}
[调度进度] tick=2000, ur5e_idx=2000/11306, fr3_idx=1982/11638, waits={'ur5e': 0, 'fr3': 18}
[调度进度] tick=2200, ur5e_idx=2200/11306, fr3_idx=2182/11638, waits={'ur5e': 0, 'fr3': 18}
[调度进度] tick=2400, ur5e_idx=2400/11306, fr3_idx=2382/11638, waits={'ur5e': 0, 'fr3': 18}
[调度进度] tick=2600, ur5e_idx=2600/11306, fr3_idx=2582/11638, waits={'ur5e': 0, 'fr3': 18}
[调度进度] tick=2800, ur5e_idx=2800/11306, fr3_idx=2782/11638, waits={'ur5e': 0, 'fr3': 18}
[调度进度] tick=3000, ur5e_idx=3000/11306, fr3_idx=2982/11638, waits={'ur5e': 0, 'fr3': 18}
[调度进度] tick=3200, ur5e_idx=3200/11306, fr3_idx=3182/11638, waits={'ur5e': 0, 'fr3': 18}
[调度进度] tick=3400, ur5e_idx=3400/11306, fr3_idx=3382/11638, waits={'ur5e': 0, 'fr3': 18}
[调度进度] tick=3600, ur5e_idx=3600/11306, fr3_idx=3582/11638, waits={'ur5e': 0, 'fr3': 18}
[调度进度] tick=3800, ur5e_idx=3800/11306, fr3_idx=3782/11638, waits={'ur5e': 0, 'fr3': 18}
[调度进度] tick=4000, ur5e_idx=4000/11306, fr3_idx=3982/11638, waits={'ur5e': 0, 'fr3': 18}
[调度进度] tick=4200, ur5e_idx=4200/11306, fr3_idx=4182/11638, waits={'ur5e': 0, 'fr3': 18}
[调度进度] tick=4400, ur5e_idx=4400/11306, fr3_idx=4382/11638, waits={'ur5e': 0, 'fr3': 18}
[调度进度] tick=4600, ur5e_idx=4600/11306, fr3_idx=4582/11638, waits={'ur5e': 0, 'fr3': 18}
[调度进度] tick=4800, ur5e_idx=4800/11306, fr3_idx=4782/11638, waits={'ur5e': 0, 'fr3': 18}
[调度进度] tick=5000, ur5e_idx=5000/11306, fr3_idx=4982/11638, waits={'ur5e': 0, 'fr3': 18}
[调度进度] tick=5200, ur5e_idx=5200/11306, fr3_idx=5182/11638, waits={'ur5e': 0, 'fr3': 18}
[调度进度] tick=5400, ur5e_idx=5400/11306, fr3_idx=5382/11638, waits={'ur5e': 0, 'fr3': 18}
[调度进度] tick=5600, ur5e_idx=5600/11306, fr3_idx=5582/11638, waits={'ur5e': 0, 'fr3': 18}
[调度进度] tick=5800, ur5e_idx=5800/11306, fr3_idx=5782/11638, waits={'ur5e': 0, 'fr3': 18}
[调度进度] tick=6000, ur5e_idx=6000/11306, fr3_idx=5982/11638, waits={'ur5e': 0, 'fr3': 18}
[调度进度] tick=6200, ur5e_idx=6200/11306, fr3_idx=6182/11638, waits={'ur5e': 0, 'fr3': 18}
[调度进度] tick=6400, ur5e_idx=6400/11306, fr3_idx=6382/11638, waits={'ur5e': 0, 'fr3': 18}
[调度进度] tick=6600, ur5e_idx=6600/11306, fr3_idx=6582/11638, waits={'ur5e': 0, 'fr3': 18}
[调度进度] tick=6800, ur5e_idx=6800/11306, fr3_idx=6782/11638, waits={'ur5e': 0, 'fr3': 18}
[调度进度] tick=7000, ur5e_idx=7000/11306, fr3_idx=6982/11638, waits={'ur5e': 0, 'fr3': 18}
[调度进度] tick=7200, ur5e_idx=7200/11306, fr3_idx=7182/11638, waits={'ur5e': 0, 'fr3': 18}
[调度进度] tick=7400, ur5e_idx=7400/11306, fr3_idx=7382/11638, waits={'ur5e': 0, 'fr3': 18}
[调度进度] tick=7600, ur5e_idx=7600/11306, fr3_idx=7582/11638, waits={'ur5e': 0, 'fr3': 18}
[调度进度] tick=7800, ur5e_idx=7800/11306, fr3_idx=7782/11638, waits={'ur5e': 0, 'fr3': 18}
[调度进度] tick=8000, ur5e_idx=8000/11306, fr3_idx=7982/11638, waits={'ur5e': 0, 'fr3': 18}
[调度进度] tick=8200, ur5e_idx=8200/11306, fr3_idx=8182/11638, waits={'ur5e': 0, 'fr3': 18}
[调度进度] tick=8400, ur5e_idx=8400/11306, fr3_idx=8382/11638, waits={'ur5e': 0, 'fr3': 18}
[调度进度] tick=8600, ur5e_idx=8600/11306, fr3_idx=8582/11638, waits={'ur5e': 0, 'fr3': 18}
[调度进度] tick=8800, ur5e_idx=8800/11306, fr3_idx=8782/11638, waits={'ur5e': 0, 'fr3': 18}
[调度进度] tick=9000, ur5e_idx=9000/11306, fr3_idx=8982/11638, waits={'ur5e': 0, 'fr3': 18}
[调度进度] tick=9200, ur5e_idx=9200/11306, fr3_idx=9182/11638, waits={'ur5e': 0, 'fr3': 18}
[调度进度] tick=9400, ur5e_idx=9400/11306, fr3_idx=9382/11638, waits={'ur5e': 0, 'fr3': 18}
[调度进度] tick=9600, ur5e_idx=9600/11306, fr3_idx=9582/11638, waits={'ur5e': 0, 'fr3': 18}
[调度进度] tick=9800, ur5e_idx=9800/11306, fr3_idx=9782/11638, waits={'ur5e': 0, 'fr3': 18}
[调度进度] tick=10000, ur5e_idx=10000/11306, fr3_idx=9982/11638, waits={'ur5e': 0, 'fr3': 18}
[调度进度] tick=10200, ur5e_idx=10200/11306, fr3_idx=10182/11638, waits={'ur5e': 0, 'fr3': 18}
[调度进度] tick=10400, ur5e_idx=10400/11306, fr3_idx=10382/11638, waits={'ur5e': 0, 'fr3': 18}
[调度进度] tick=10600, ur5e_idx=10600/11306, fr3_idx=10582/11638, waits={'ur5e': 0, 'fr3': 18}
[调度进度] tick=10800, ur5e_idx=10800/11306, fr3_idx=10782/11638, waits={'ur5e': 0, 'fr3': 18}
[调度进度] tick=11000, ur5e_idx=11000/11306, fr3_idx=10982/11638, waits={'ur5e': 0, 'fr3': 18}
[调度进度] tick=11200, ur5e_idx=11200/11306, fr3_idx=11182/11638, waits={'ur5e': 0, 'fr3': 18}
[调度进度] tick=11400, ur5e_idx=11306/11306, fr3_idx=11382/11638, waits={'ur5e': 0, 'fr3': 18}
[调度进度] tick=11600, ur5e_idx=11306/11306, fr3_idx=11582/11638, waits={'ur5e': 0, 'fr3': 18}

✅ 第一版并行调度执行结束！
总调度 tick: 11656
等待统计: {'ur5e': 0, 'fr3': 18}

------------------------------------------------------------------------
[本次实际执行统计]
------------------------------------------------------------------------
完成状态: 成功
并行 makespan: 23.312 s
串行 makespan: 45.888 s
理想并行下界: 23.276 s
相对串行加速比: 1.968x
相对理想并行额外开销: 0.036 s
等待时间: ur5e=0.000 s, fr3=0.036 s, total=0.036 s
模式统计: {'both_move': 11638, 'fr3_wait': 18, 'done': 1}
指令跳变(UR5e): raw_max_step=0.0050, applied_max_step=0.0050, applied_exceed_count=0

========================================================================
方法对比表（核心评价指标）
========================================================================
method | success | parallel_makespan_s | serial_makespan_s | speedup_vs_serial | wait_time_total_s | deadlock_wait_count
execution_actual | 1 | 23.312000 | 45.888000 | 1.968428 | 0.036000 | 0
📊 已写出统计结果: /home/jiangshuo/robot/xml_pipeline_run/baseline_runs/Stage1A_Geom_Smoke/raw_stats/stats_easy_seed_42.json
